<?xml version="1.0" encoding="UTF-8"?>
<testsuite xmlns:xsi="http://www.w3.org/2001/XMLSchema-instance" xsi:noNamespaceSchemaLocation="https://maven.apache.org/surefire/maven-surefire-plugin/xsd/surefire-test-report.xsd" version="3.0.2" name="com.kkdevportal.SpringMQBridge.SpringMqBridgeApplicationTests" time="9.55" tests="1" errors="0" skipped="0" failures="0">
  <properties>
[...]
</properties>
  <testcase name="contextLoads" classname="com.kkdevportal.SpringMQBridge.SpringMqBridgeApplicationTests" time="1.17">
    <system-out><![CDATA[10:36:27.519 [main] INFO org.springframework.test.context.support.AnnotationConfigContextLoaderUtils -- Could not detect default configuration classes for test class [com.kkdevportal.SpringMQBridge.SpringMqBridgeApplicationTests]: SpringMqBridgeApplicationTests does not declare any static, non-private, non-final, nested classes annotated with @Configuration.
10:36:28.016 [main] INFO org.springframework.boot.test.context.SpringBootTestContextBootstrapper -- Found @SpringBootConfiguration com.kkdevportal.SpringMQBridge.SpringMqBridgeApplication for test class com.kkdevportal.SpringMQBridge.SpringMqBridgeApplicationTests

  .   ____          _            __ _ _
 /\\ / ___'_ __ _ _(_)_ __  __ _ \ \ \ \
( ( )\___ | '_ | '_| | '_ \/ _` | \ \ \ \
 \\/  ___)| |_)| | | | | || (_| |  ) ) ) )
  '  |____| .__|_| |_|_| |_\__, | / / / /
 =========|_|==============|___/=/_/_/_/

 :: Spring Boot ::                (v3.5.3)

2025-07-19T10:36:30.369+05:30  INFO 561532 --- [SpringMQBridge] [           main] c.k.S.SpringMqBridgeApplicationTests     : Starting SpringMqBridgeApplicationTests using Java 17.0.15 with PID 561532 (started by stardust in /home/stardust/workingdir/kkdevportal/SpringMQBridge)
2025-07-19T10:36:30.372+05:30  INFO 561532 --- [SpringMQBridge] [           main] c.k.S.SpringMqBridgeApplicationTests     : No active profile set, falling back to 1 default profile: "default"
2025-07-19T10:36:34.668+05:30  WARN 561532 --- [SpringMQBridge] [           main] ion$DefaultTemplateResolverConfiguration : Cannot find template location: classpath:/templates/ (please add some templates, check your Thymeleaf configuration, or set spring.thymeleaf.check-template-location=false)
2025-07-19T10:36:35.301+05:30  INFO 561532 --- [SpringMQBridge] [           main] c.k.S.SpringMqBridgeApplicationTests     : Started SpringMqBridgeApplicationTests in 6.4 seconds (process running for 11.161)
]]></system-out>
  </testcase>
</testsuite>